                                 Started job on |	Aug 10 20:22:28
                             Started mapping on |	Aug 10 20:25:08
                                    Finished on |	Aug 10 20:32:39
       Mapping speed, Million of reads per hour |	238.23

                          Number of input reads |	29844721
                      Average input read length |	50
                                    UNIQUE READS:
                   Uniquely mapped reads number |	24429642
                        Uniquely mapped reads % |	81.86%
                          Average mapped length |	50.31
                       Number of splices: Total |	3188882
            Number of splices: Annotated (sjdb) |	3166343
                       Number of splices: GT/AG |	3155685
                       Number of splices: GC/AG |	25579
                       Number of splices: AT/AC |	2821
               Number of splices: Non-canonical |	4797
                      Mismatch rate per base, % |	0.35%
                         Deletion rate per base |	0.01%
                        Deletion average length |	1.48
                        Insertion rate per base |	0.00%
                       Insertion average length |	1.22
                             MULTI-MAPPING READS:
        Number of reads mapped to multiple loci |	4972763
             % of reads mapped to multiple loci |	16.66%
        Number of reads mapped to too many loci |	161331
             % of reads mapped to too many loci |	0.54%
                                  UNMAPPED READS:
       % of reads unmapped: too many mismatches |	0.00%
                 % of reads unmapped: too short |	0.71%
                     % of reads unmapped: other |	0.23%
                                  CHIMERIC READS:
                       Number of chimeric reads |	0
                            % of chimeric reads |	0.00%
