                                 Started job on |	Aug 10 20:32:40
                             Started mapping on |	Aug 10 20:35:21
                                    Finished on |	Aug 10 20:43:09
       Mapping speed, Million of reads per hour |	225.79

                          Number of input reads |	29352083
                      Average input read length |	50
                                    UNIQUE READS:
                   Uniquely mapped reads number |	24102770
                        Uniquely mapped reads % |	82.12%
                          Average mapped length |	50.31
                       Number of splices: Total |	3152332
            Number of splices: Annotated (sjdb) |	3130517
                       Number of splices: GT/AG |	3117712
                       Number of splices: GC/AG |	24703
                       Number of splices: AT/AC |	2790
               Number of splices: Non-canonical |	7127
                      Mismatch rate per base, % |	0.35%
                         Deletion rate per base |	0.01%
                        Deletion average length |	1.48
                        Insertion rate per base |	0.00%
                       Insertion average length |	1.22
                             MULTI-MAPPING READS:
        Number of reads mapped to multiple loci |	4800656
             % of reads mapped to multiple loci |	16.36%
        Number of reads mapped to too many loci |	171309
             % of reads mapped to too many loci |	0.58%
                                  UNMAPPED READS:
       % of reads unmapped: too many mismatches |	0.00%
                 % of reads unmapped: too short |	0.73%
                     % of reads unmapped: other |	0.22%
                                  CHIMERIC READS:
                       Number of chimeric reads |	0
                            % of chimeric reads |	0.00%
