                                 Started job on |	Aug 10 20:11:59
                             Started mapping on |	Aug 10 20:14:27
                                    Finished on |	Aug 10 20:22:27
       Mapping speed, Million of reads per hour |	232.16

                          Number of input reads |	30955196
                      Average input read length |	50
                                    UNIQUE READS:
                   Uniquely mapped reads number |	25535058
                        Uniquely mapped reads % |	82.49%
                          Average mapped length |	50.32
                       Number of splices: Total |	3319679
            Number of splices: Annotated (sjdb) |	3293843
                       Number of splices: GT/AG |	3285330
                       Number of splices: GC/AG |	26559
                       Number of splices: AT/AC |	2939
               Number of splices: Non-canonical |	4851
                      Mismatch rate per base, % |	0.34%
                         Deletion rate per base |	0.01%
                        Deletion average length |	1.48
                        Insertion rate per base |	0.00%
                       Insertion average length |	1.23
                             MULTI-MAPPING READS:
        Number of reads mapped to multiple loci |	4942202
             % of reads mapped to multiple loci |	15.97%
        Number of reads mapped to too many loci |	192349
             % of reads mapped to too many loci |	0.62%
                                  UNMAPPED READS:
       % of reads unmapped: too many mismatches |	0.00%
                 % of reads unmapped: too short |	0.68%
                     % of reads unmapped: other |	0.24%
                                  CHIMERIC READS:
                       Number of chimeric reads |	0
                            % of chimeric reads |	0.00%
