                                 Started job on |	Aug 10 20:43:10
                             Started mapping on |	Aug 10 20:45:54
                                    Finished on |	Aug 10 20:53:33
       Mapping speed, Million of reads per hour |	231.45

                          Number of input reads |	29509377
                      Average input read length |	50
                                    UNIQUE READS:
                   Uniquely mapped reads number |	24068213
                        Uniquely mapped reads % |	81.56%
                          Average mapped length |	50.33
                       Number of splices: Total |	3288672
            Number of splices: Annotated (sjdb) |	3260682
                       Number of splices: GT/AG |	3252948
                       Number of splices: GC/AG |	26583
                       Number of splices: AT/AC |	2925
               Number of splices: Non-canonical |	6216
                      Mismatch rate per base, % |	0.35%
                         Deletion rate per base |	0.01%
                        Deletion average length |	1.47
                        Insertion rate per base |	0.00%
                       Insertion average length |	1.22
                             MULTI-MAPPING READS:
        Number of reads mapped to multiple loci |	4958409
             % of reads mapped to multiple loci |	16.80%
        Number of reads mapped to too many loci |	157248
             % of reads mapped to too many loci |	0.53%
                                  UNMAPPED READS:
       % of reads unmapped: too many mismatches |	0.00%
                 % of reads unmapped: too short |	0.93%
                     % of reads unmapped: other |	0.17%
                                  CHIMERIC READS:
                       Number of chimeric reads |	0
                            % of chimeric reads |	0.00%
